<?xml version="1.0" encoding="UTF-8"?>
<!-- Generated by org.testng.reporters.JUnitReportReporter -->
<testsuite hostname="Sandunis-MacBook-Air.local" failures="0" tests="1" name="org.testing.testScripts.TC1_PostRequest" time="1.162" errors="0" timestamp="30 Aug 2024 07:06:22 GMT">
  <testcase classname="org.testing.testScripts.TC1_PostRequest" name="testCase1" time="1.162"/>
</testsuite>
