<?xml version="1.0" encoding="UTF-8"?>
<!-- Generated by org.testng.reporters.JUnitReportReporter -->
<testsuite hostname="Sandunis-MacBook-Air.local" failures="0" tests="3" name="YTFramework.YTW.AnnotationExecutionExample" time="0.005" errors="0" timestamp="7 Aug 2024 12:14:08 GMT">
  <testcase classname="YTFramework.YTW.AnnotationExecutionExample" name="testCase3" time="0.003"/>
  <testcase classname="YTFramework.YTW.AnnotationExecutionExample" name="testCase2" time="0.001"/>
  <testcase classname="YTFramework.YTW.AnnotationExecutionExample" name="testCase4" time="0.001"/>
</testsuite>
