<?xml version="1.0" encoding="UTF-8"?>
<!-- Generated by org.testng.reporters.JUnitReportReporter -->
<testsuite hostname="Sandunis-MacBook-Air.local" failures="0" tests="1" name="YTFramework.YTW.TC2" time="0.001" errors="0" timestamp="7 Aug 2024 12:23:16 GMT">
  <testcase classname="YTFramework.YTW.TC2" name="TC2_testcase" time="0.001"/>
</testsuite>
