<?xml version="1.0" encoding="UTF-8"?>
<!-- Generated by org.testng.reporters.JUnitReportReporter -->
<testsuite hostname="Sandunis-MacBook-Air.local" failures="0" tests="1" name="YTFramework.YTW.TC1" time="0.006" errors="0" timestamp="7 Aug 2024 12:23:16 GMT">
  <testcase classname="YTFramework.YTW.TC1" name="TC1_testcase" time="0.006"/>
</testsuite>
